[0.487s] Invoking command in '/home/nahian/Desktop/tb_ws/src/arm_gui': PYTHONPATH=/home/nahian/Desktop/tb_ws/build/arm_gui/prefix_override:/usr/lib/python3/dist-packages/colcon_core/task/python/colcon_distutils_commands:/home/nahian/Desktop/tb_ws/install/arm_gui/lib/python3.10/site-packages:${PYTHONPATH} /usr/bin/python3 -W ignore:setup.py install is deprecated -W ignore:easy_install command is deprecated setup.py egg_info --egg-base ../../build/arm_gui build --build-base /home/nahian/Desktop/tb_ws/build/arm_gui/build install --record /home/nahian/Desktop/tb_ws/build/arm_gui/install.log --single-version-externally-managed install_data
[0.601s] running egg_info
[0.601s] writing ../../build/arm_gui/arm_gui.egg-info/PKG-INFO
[0.601s] writing dependency_links to ../../build/arm_gui/arm_gui.egg-info/dependency_links.txt
[0.601s] writing entry points to ../../build/arm_gui/arm_gui.egg-info/entry_points.txt
[0.602s] writing requirements to ../../build/arm_gui/arm_gui.egg-info/requires.txt
[0.602s] writing top-level names to ../../build/arm_gui/arm_gui.egg-info/top_level.txt
[0.602s] reading manifest file '../../build/arm_gui/arm_gui.egg-info/SOURCES.txt'
[0.603s] writing manifest file '../../build/arm_gui/arm_gui.egg-info/SOURCES.txt'
[0.603s] running build
[0.603s] running build_py
[0.603s] copying arm_gui/gui_run.py -> /home/nahian/Desktop/tb_ws/build/arm_gui/build/lib/arm_gui
[0.603s] running install
[0.603s] running install_lib
[0.604s] copying /home/nahian/Desktop/tb_ws/build/arm_gui/build/lib/arm_gui/gui_run.py -> /home/nahian/Desktop/tb_ws/install/arm_gui/lib/python3.10/site-packages/arm_gui
[0.604s] byte-compiling /home/nahian/Desktop/tb_ws/install/arm_gui/lib/python3.10/site-packages/arm_gui/gui_run.py to gui_run.cpython-310.pyc
[0.605s]   File "/home/nahian/Desktop/tb_ws/install/arm_gui/lib/python3.10/site-packages/arm_gui/gui_run.py", line 56
[0.605s]     tk.Button(frame, text="▶",width=2 command=lambda idx=i: self.move_slider(idx, 1)).pack(side=tk.LEFT, padx=2)
[0.605s]                                       ^^^^^^^^^
[0.605s] SyntaxError: invalid syntax. Perhaps you forgot a comma?
[0.605s] 
[0.605s] running install_data
[0.605s] running install_egg_info
[0.606s] removing '/home/nahian/Desktop/tb_ws/install/arm_gui/lib/python3.10/site-packages/arm_gui-0.0.0-py3.10.egg-info' (and everything under it)
[0.606s] Copying ../../build/arm_gui/arm_gui.egg-info to /home/nahian/Desktop/tb_ws/install/arm_gui/lib/python3.10/site-packages/arm_gui-0.0.0-py3.10.egg-info
[0.606s] running install_scripts
[0.615s] Installing gui_run script to /home/nahian/Desktop/tb_ws/install/arm_gui/lib/arm_gui
[0.616s] Installing sub script to /home/nahian/Desktop/tb_ws/install/arm_gui/lib/arm_gui
[0.616s] writing list of installed files to '/home/nahian/Desktop/tb_ws/build/arm_gui/install.log'
[0.631s] Invoked command in '/home/nahian/Desktop/tb_ws/src/arm_gui' returned '0': PYTHONPATH=/home/nahian/Desktop/tb_ws/build/arm_gui/prefix_override:/usr/lib/python3/dist-packages/colcon_core/task/python/colcon_distutils_commands:/home/nahian/Desktop/tb_ws/install/arm_gui/lib/python3.10/site-packages:${PYTHONPATH} /usr/bin/python3 -W ignore:setup.py install is deprecated -W ignore:easy_install command is deprecated setup.py egg_info --egg-base ../../build/arm_gui build --build-base /home/nahian/Desktop/tb_ws/build/arm_gui/build install --record /home/nahian/Desktop/tb_ws/build/arm_gui/install.log --single-version-externally-managed install_data
