running egg_info
writing ../../build/vo_co_bot/vo_co_bot.egg-info/PKG-INFO
writing dependency_links to ../../build/vo_co_bot/vo_co_bot.egg-info/dependency_links.txt
writing entry points to ../../build/vo_co_bot/vo_co_bot.egg-info/entry_points.txt
writing requirements to ../../build/vo_co_bot/vo_co_bot.egg-info/requires.txt
writing top-level names to ../../build/vo_co_bot/vo_co_bot.egg-info/top_level.txt
reading manifest file '../../build/vo_co_bot/vo_co_bot.egg-info/SOURCES.txt'
writing manifest file '../../build/vo_co_bot/vo_co_bot.egg-info/SOURCES.txt'
running build
running build_py
copying vo_co_bot/controller.py -> /home/nahian/Desktop/tb_ws/build/vo_co_bot/build/lib/vo_co_bot
running install
running install_lib
copying /home/nahian/Desktop/tb_ws/build/vo_co_bot/build/lib/vo_co_bot/controller.py -> /home/nahian/Desktop/tb_ws/install/vo_co_bot/lib/python3.10/site-packages/vo_co_bot
byte-compiling /home/nahian/Desktop/tb_ws/install/vo_co_bot/lib/python3.10/site-packages/vo_co_bot/controller.py to controller.cpython-310.pyc
running install_data
running install_egg_info
removing '/home/nahian/Desktop/tb_ws/install/vo_co_bot/lib/python3.10/site-packages/vo_co_bot-0.0.0-py3.10.egg-info' (and everything under it)
Copying ../../build/vo_co_bot/vo_co_bot.egg-info to /home/nahian/Desktop/tb_ws/install/vo_co_bot/lib/python3.10/site-packages/vo_co_bot-0.0.0-py3.10.egg-info
running install_scripts
Installing controller script to /home/nahian/Desktop/tb_ws/install/vo_co_bot/lib/vo_co_bot
Installing speaker script to /home/nahian/Desktop/tb_ws/install/vo_co_bot/lib/vo_co_bot
writing list of installed files to '/home/nahian/Desktop/tb_ws/build/vo_co_bot/install.log'
