[0.480s] Invoking command in '/home/nahian/Desktop/tb_ws/src/arm_gui': PYTHONPATH=/home/nahian/Desktop/tb_ws/build/arm_gui/prefix_override:/usr/lib/python3/dist-packages/colcon_core/task/python/colcon_distutils_commands:/home/nahian/Desktop/tb_ws/install/arm_gui/lib/python3.10/site-packages:${PYTHONPATH} /usr/bin/python3 -W ignore:setup.py install is deprecated -W ignore:easy_install command is deprecated setup.py egg_info --egg-base ../../build/arm_gui build --build-base /home/nahian/Desktop/tb_ws/build/arm_gui/build install --record /home/nahian/Desktop/tb_ws/build/arm_gui/install.log --single-version-externally-managed install_data
[0.597s] running egg_info
[0.597s] writing ../../build/arm_gui/arm_gui.egg-info/PKG-INFO
[0.597s] writing dependency_links to ../../build/arm_gui/arm_gui.egg-info/dependency_links.txt
[0.597s] writing entry points to ../../build/arm_gui/arm_gui.egg-info/entry_points.txt
[0.597s] writing requirements to ../../build/arm_gui/arm_gui.egg-info/requires.txt
[0.597s] writing top-level names to ../../build/arm_gui/arm_gui.egg-info/top_level.txt
[0.598s] reading manifest file '../../build/arm_gui/arm_gui.egg-info/SOURCES.txt'
[0.599s] writing manifest file '../../build/arm_gui/arm_gui.egg-info/SOURCES.txt'
[0.599s] running build
[0.599s] running build_py
[0.599s] running install
[0.599s] running install_lib
[0.600s] running install_data
[0.600s] running install_egg_info
[0.601s] removing '/home/nahian/Desktop/tb_ws/install/arm_gui/lib/python3.10/site-packages/arm_gui-0.0.0-py3.10.egg-info' (and everything under it)
[0.601s] Copying ../../build/arm_gui/arm_gui.egg-info to /home/nahian/Desktop/tb_ws/install/arm_gui/lib/python3.10/site-packages/arm_gui-0.0.0-py3.10.egg-info
[0.601s] running install_scripts
[0.614s] Installing gui_run script to /home/nahian/Desktop/tb_ws/install/arm_gui/lib/arm_gui
[0.614s] Installing sub script to /home/nahian/Desktop/tb_ws/install/arm_gui/lib/arm_gui
[0.614s] writing list of installed files to '/home/nahian/Desktop/tb_ws/build/arm_gui/install.log'
[0.627s] Invoked command in '/home/nahian/Desktop/tb_ws/src/arm_gui' returned '0': PYTHONPATH=/home/nahian/Desktop/tb_ws/build/arm_gui/prefix_override:/usr/lib/python3/dist-packages/colcon_core/task/python/colcon_distutils_commands:/home/nahian/Desktop/tb_ws/install/arm_gui/lib/python3.10/site-packages:${PYTHONPATH} /usr/bin/python3 -W ignore:setup.py install is deprecated -W ignore:easy_install command is deprecated setup.py egg_info --egg-base ../../build/arm_gui build --build-base /home/nahian/Desktop/tb_ws/build/arm_gui/build install --record /home/nahian/Desktop/tb_ws/build/arm_gui/install.log --single-version-externally-managed install_data
