running egg_info
creating ../../build/vo_co_bot/vo_co_bot.egg-info
writing ../../build/vo_co_bot/vo_co_bot.egg-info/PKG-INFO
writing dependency_links to ../../build/vo_co_bot/vo_co_bot.egg-info/dependency_links.txt
writing entry points to ../../build/vo_co_bot/vo_co_bot.egg-info/entry_points.txt
writing requirements to ../../build/vo_co_bot/vo_co_bot.egg-info/requires.txt
writing top-level names to ../../build/vo_co_bot/vo_co_bot.egg-info/top_level.txt
writing manifest file '../../build/vo_co_bot/vo_co_bot.egg-info/SOURCES.txt'
reading manifest file '../../build/vo_co_bot/vo_co_bot.egg-info/SOURCES.txt'
writing manifest file '../../build/vo_co_bot/vo_co_bot.egg-info/SOURCES.txt'
running build
running build_py
creating /home/nahian/Desktop/tb_ws/build/vo_co_bot/build
creating /home/nahian/Desktop/tb_ws/build/vo_co_bot/build/lib
creating /home/nahian/Desktop/tb_ws/build/vo_co_bot/build/lib/vo_co_bot
copying vo_co_bot/__init__.py -> /home/nahian/Desktop/tb_ws/build/vo_co_bot/build/lib/vo_co_bot
running install
running install_lib
creating /home/nahian/Desktop/tb_ws/install/vo_co_bot/lib/python3.10/site-packages/vo_co_bot
copying /home/nahian/Desktop/tb_ws/build/vo_co_bot/build/lib/vo_co_bot/__init__.py -> /home/nahian/Desktop/tb_ws/install/vo_co_bot/lib/python3.10/site-packages/vo_co_bot
byte-compiling /home/nahian/Desktop/tb_ws/install/vo_co_bot/lib/python3.10/site-packages/vo_co_bot/__init__.py to __init__.cpython-310.pyc
running install_data
creating /home/nahian/Desktop/tb_ws/install/vo_co_bot/share/ament_index
creating /home/nahian/Desktop/tb_ws/install/vo_co_bot/share/ament_index/resource_index
creating /home/nahian/Desktop/tb_ws/install/vo_co_bot/share/ament_index/resource_index/packages
copying resource/vo_co_bot -> /home/nahian/Desktop/tb_ws/install/vo_co_bot/share/ament_index/resource_index/packages
copying package.xml -> /home/nahian/Desktop/tb_ws/install/vo_co_bot/share/vo_co_bot
running install_egg_info
Copying ../../build/vo_co_bot/vo_co_bot.egg-info to /home/nahian/Desktop/tb_ws/install/vo_co_bot/lib/python3.10/site-packages/vo_co_bot-0.0.0-py3.10.egg-info
running install_scripts
writing list of installed files to '/home/nahian/Desktop/tb_ws/build/vo_co_bot/install.log'
