[0.404s] Invoking command in '/home/nahian/Desktop/tb_ws/src/vo_co_bot': PYTHONPATH=/home/nahian/Desktop/tb_ws/build/vo_co_bot/prefix_override:/usr/lib/python3/dist-packages/colcon_core/task/python/colcon_distutils_commands:/home/nahian/Desktop/tb_ws/install/vo_co_bot/lib/python3.10/site-packages:${PYTHONPATH} /usr/bin/python3 -W ignore:setup.py install is deprecated -W ignore:easy_install command is deprecated setup.py egg_info --egg-base ../../build/vo_co_bot build --build-base /home/nahian/Desktop/tb_ws/build/vo_co_bot/build install --record /home/nahian/Desktop/tb_ws/build/vo_co_bot/install.log --single-version-externally-managed install_data
[0.541s] running egg_info
[0.541s] creating ../../build/vo_co_bot/vo_co_bot.egg-info
[0.541s] writing ../../build/vo_co_bot/vo_co_bot.egg-info/PKG-INFO
[0.541s] writing dependency_links to ../../build/vo_co_bot/vo_co_bot.egg-info/dependency_links.txt
[0.541s] writing entry points to ../../build/vo_co_bot/vo_co_bot.egg-info/entry_points.txt
[0.541s] writing requirements to ../../build/vo_co_bot/vo_co_bot.egg-info/requires.txt
[0.541s] writing top-level names to ../../build/vo_co_bot/vo_co_bot.egg-info/top_level.txt
[0.541s] writing manifest file '../../build/vo_co_bot/vo_co_bot.egg-info/SOURCES.txt'
[0.542s] reading manifest file '../../build/vo_co_bot/vo_co_bot.egg-info/SOURCES.txt'
[0.543s] writing manifest file '../../build/vo_co_bot/vo_co_bot.egg-info/SOURCES.txt'
[0.543s] running build
[0.543s] running build_py
[0.543s] creating /home/nahian/Desktop/tb_ws/build/vo_co_bot/build
[0.543s] creating /home/nahian/Desktop/tb_ws/build/vo_co_bot/build/lib
[0.543s] creating /home/nahian/Desktop/tb_ws/build/vo_co_bot/build/lib/vo_co_bot
[0.543s] copying vo_co_bot/__init__.py -> /home/nahian/Desktop/tb_ws/build/vo_co_bot/build/lib/vo_co_bot
[0.543s] running install
[0.543s] running install_lib
[0.543s] creating /home/nahian/Desktop/tb_ws/install/vo_co_bot/lib/python3.10/site-packages/vo_co_bot
[0.544s] copying /home/nahian/Desktop/tb_ws/build/vo_co_bot/build/lib/vo_co_bot/__init__.py -> /home/nahian/Desktop/tb_ws/install/vo_co_bot/lib/python3.10/site-packages/vo_co_bot
[0.544s] byte-compiling /home/nahian/Desktop/tb_ws/install/vo_co_bot/lib/python3.10/site-packages/vo_co_bot/__init__.py to __init__.cpython-310.pyc
[0.544s] running install_data
[0.544s] creating /home/nahian/Desktop/tb_ws/install/vo_co_bot/share/ament_index
[0.544s] creating /home/nahian/Desktop/tb_ws/install/vo_co_bot/share/ament_index/resource_index
[0.544s] creating /home/nahian/Desktop/tb_ws/install/vo_co_bot/share/ament_index/resource_index/packages
[0.544s] copying resource/vo_co_bot -> /home/nahian/Desktop/tb_ws/install/vo_co_bot/share/ament_index/resource_index/packages
[0.544s] copying package.xml -> /home/nahian/Desktop/tb_ws/install/vo_co_bot/share/vo_co_bot
[0.544s] running install_egg_info
[0.545s] Copying ../../build/vo_co_bot/vo_co_bot.egg-info to /home/nahian/Desktop/tb_ws/install/vo_co_bot/lib/python3.10/site-packages/vo_co_bot-0.0.0-py3.10.egg-info
[0.546s] running install_scripts
[0.557s] writing list of installed files to '/home/nahian/Desktop/tb_ws/build/vo_co_bot/install.log'
[0.570s] Invoked command in '/home/nahian/Desktop/tb_ws/src/vo_co_bot' returned '0': PYTHONPATH=/home/nahian/Desktop/tb_ws/build/vo_co_bot/prefix_override:/usr/lib/python3/dist-packages/colcon_core/task/python/colcon_distutils_commands:/home/nahian/Desktop/tb_ws/install/vo_co_bot/lib/python3.10/site-packages:${PYTHONPATH} /usr/bin/python3 -W ignore:setup.py install is deprecated -W ignore:easy_install command is deprecated setup.py egg_info --egg-base ../../build/vo_co_bot build --build-base /home/nahian/Desktop/tb_ws/build/vo_co_bot/build install --record /home/nahian/Desktop/tb_ws/build/vo_co_bot/install.log --single-version-externally-managed install_data
