[0.360s] Invoking command in '/home/nahian/Desktop/tb_ws/src/vo_co_bot': PYTHONPATH=/home/nahian/Desktop/tb_ws/build/vo_co_bot/prefix_override:/usr/lib/python3/dist-packages/colcon_core/task/python/colcon_distutils_commands:/home/nahian/Desktop/tb_ws/install/vo_co_bot/lib/python3.10/site-packages:${PYTHONPATH} /usr/bin/python3 -W ignore:setup.py install is deprecated -W ignore:easy_install command is deprecated setup.py egg_info --egg-base ../../build/vo_co_bot build --build-base /home/nahian/Desktop/tb_ws/build/vo_co_bot/build install --record /home/nahian/Desktop/tb_ws/build/vo_co_bot/install.log --single-version-externally-managed install_data
[0.498s] running egg_info
[0.498s] writing ../../build/vo_co_bot/vo_co_bot.egg-info/PKG-INFO
[0.498s] writing dependency_links to ../../build/vo_co_bot/vo_co_bot.egg-info/dependency_links.txt
[0.498s] writing entry points to ../../build/vo_co_bot/vo_co_bot.egg-info/entry_points.txt
[0.498s] writing requirements to ../../build/vo_co_bot/vo_co_bot.egg-info/requires.txt
[0.498s] writing top-level names to ../../build/vo_co_bot/vo_co_bot.egg-info/top_level.txt
[0.499s] reading manifest file '../../build/vo_co_bot/vo_co_bot.egg-info/SOURCES.txt'
[0.500s] writing manifest file '../../build/vo_co_bot/vo_co_bot.egg-info/SOURCES.txt'
[0.500s] running build
[0.500s] running build_py
[0.500s] copying vo_co_bot/speaker.py -> /home/nahian/Desktop/tb_ws/build/vo_co_bot/build/lib/vo_co_bot
[0.500s] running install
[0.500s] running install_lib
[0.501s] copying /home/nahian/Desktop/tb_ws/build/vo_co_bot/build/lib/vo_co_bot/speaker.py -> /home/nahian/Desktop/tb_ws/install/vo_co_bot/lib/python3.10/site-packages/vo_co_bot
[0.501s] byte-compiling /home/nahian/Desktop/tb_ws/install/vo_co_bot/lib/python3.10/site-packages/vo_co_bot/speaker.py to speaker.cpython-310.pyc
[0.502s] running install_data
[0.502s] running install_egg_info
[0.503s] removing '/home/nahian/Desktop/tb_ws/install/vo_co_bot/lib/python3.10/site-packages/vo_co_bot-0.0.0-py3.10.egg-info' (and everything under it)
[0.503s] Copying ../../build/vo_co_bot/vo_co_bot.egg-info to /home/nahian/Desktop/tb_ws/install/vo_co_bot/lib/python3.10/site-packages/vo_co_bot-0.0.0-py3.10.egg-info
[0.503s] running install_scripts
[0.515s] Installing controller script to /home/nahian/Desktop/tb_ws/install/vo_co_bot/lib/vo_co_bot
[0.515s] Installing speaker script to /home/nahian/Desktop/tb_ws/install/vo_co_bot/lib/vo_co_bot
[0.515s] writing list of installed files to '/home/nahian/Desktop/tb_ws/build/vo_co_bot/install.log'
[0.527s] Invoked command in '/home/nahian/Desktop/tb_ws/src/vo_co_bot' returned '0': PYTHONPATH=/home/nahian/Desktop/tb_ws/build/vo_co_bot/prefix_override:/usr/lib/python3/dist-packages/colcon_core/task/python/colcon_distutils_commands:/home/nahian/Desktop/tb_ws/install/vo_co_bot/lib/python3.10/site-packages:${PYTHONPATH} /usr/bin/python3 -W ignore:setup.py install is deprecated -W ignore:easy_install command is deprecated setup.py egg_info --egg-base ../../build/vo_co_bot build --build-base /home/nahian/Desktop/tb_ws/build/vo_co_bot/build install --record /home/nahian/Desktop/tb_ws/build/vo_co_bot/install.log --single-version-externally-managed install_data
