[0.494s] Invoking command in '/home/nahian/Desktop/tb_ws/src/arm_gui': PYTHONPATH=/home/nahian/Desktop/tb_ws/build/arm_gui/prefix_override:/usr/lib/python3/dist-packages/colcon_core/task/python/colcon_distutils_commands:/home/nahian/Desktop/tb_ws/install/arm_gui/lib/python3.10/site-packages:${PYTHONPATH} /usr/bin/python3 -W ignore:setup.py install is deprecated -W ignore:easy_install command is deprecated setup.py egg_info --egg-base ../../build/arm_gui build --build-base /home/nahian/Desktop/tb_ws/build/arm_gui/build install --record /home/nahian/Desktop/tb_ws/build/arm_gui/install.log --single-version-externally-managed install_data
[0.607s] running egg_info
[0.608s] writing ../../build/arm_gui/arm_gui.egg-info/PKG-INFO
[0.608s] writing dependency_links to ../../build/arm_gui/arm_gui.egg-info/dependency_links.txt
[0.608s] writing entry points to ../../build/arm_gui/arm_gui.egg-info/entry_points.txt
[0.608s] writing requirements to ../../build/arm_gui/arm_gui.egg-info/requires.txt
[0.608s] writing top-level names to ../../build/arm_gui/arm_gui.egg-info/top_level.txt
[0.609s] reading manifest file '../../build/arm_gui/arm_gui.egg-info/SOURCES.txt'
[0.609s] writing manifest file '../../build/arm_gui/arm_gui.egg-info/SOURCES.txt'
[0.609s] running build
[0.609s] running build_py
[0.609s] copying arm_gui/gui_run.py -> /home/nahian/Desktop/tb_ws/build/arm_gui/build/lib/arm_gui
[0.609s] running install
[0.610s] running install_lib
[0.610s] copying /home/nahian/Desktop/tb_ws/build/arm_gui/build/lib/arm_gui/gui_run.py -> /home/nahian/Desktop/tb_ws/install/arm_gui/lib/python3.10/site-packages/arm_gui
[0.610s] byte-compiling /home/nahian/Desktop/tb_ws/install/arm_gui/lib/python3.10/site-packages/arm_gui/gui_run.py to gui_run.cpython-310.pyc
[0.611s] running install_data
[0.611s] running install_egg_info
[0.612s] removing '/home/nahian/Desktop/tb_ws/install/arm_gui/lib/python3.10/site-packages/arm_gui-0.0.0-py3.10.egg-info' (and everything under it)
[0.612s] Copying ../../build/arm_gui/arm_gui.egg-info to /home/nahian/Desktop/tb_ws/install/arm_gui/lib/python3.10/site-packages/arm_gui-0.0.0-py3.10.egg-info
[0.613s] running install_scripts
[0.622s] Installing gui_run script to /home/nahian/Desktop/tb_ws/install/arm_gui/lib/arm_gui
[0.622s] Installing sub script to /home/nahian/Desktop/tb_ws/install/arm_gui/lib/arm_gui
[0.622s] writing list of installed files to '/home/nahian/Desktop/tb_ws/build/arm_gui/install.log'
[0.639s] Invoked command in '/home/nahian/Desktop/tb_ws/src/arm_gui' returned '0': PYTHONPATH=/home/nahian/Desktop/tb_ws/build/arm_gui/prefix_override:/usr/lib/python3/dist-packages/colcon_core/task/python/colcon_distutils_commands:/home/nahian/Desktop/tb_ws/install/arm_gui/lib/python3.10/site-packages:${PYTHONPATH} /usr/bin/python3 -W ignore:setup.py install is deprecated -W ignore:easy_install command is deprecated setup.py egg_info --egg-base ../../build/arm_gui build --build-base /home/nahian/Desktop/tb_ws/build/arm_gui/build install --record /home/nahian/Desktop/tb_ws/build/arm_gui/install.log --single-version-externally-managed install_data
