[0.058s] DEBUG:colcon:Command line arguments: ['/usr/bin/colcon', 'build']
[0.058s] DEBUG:colcon:Parsed command line arguments: Namespace(log_base=None, log_level=None, verb_name='build', build_base='build', install_base='install', merge_install=False, symlink_install=False, test_result_base=None, continue_on_error=False, executor='parallel', parallel_workers=16, event_handlers=None, ignore_user_meta=False, metas=['./colcon.meta'], base_paths=['.'], packages_ignore=None, packages_ignore_regex=None, paths=None, packages_up_to=None, packages_up_to_regex=None, packages_above=None, packages_above_and_dependencies=None, packages_above_depth=None, packages_select_by_dep=None, packages_skip_by_dep=None, packages_skip_up_to=None, packages_select_build_failed=False, packages_skip_build_finished=False, packages_select_test_failures=False, packages_skip_test_passed=False, packages_select=None, packages_skip=None, packages_select_regex=None, packages_skip_regex=None, packages_start=None, packages_end=None, allow_overriding=[], cmake_args=None, cmake_target=None, cmake_target_skip_unavailable=False, cmake_clean_cache=False, cmake_clean_first=False, cmake_force_configure=False, ament_cmake_args=None, catkin_cmake_args=None, catkin_skip_building_tests=False, verb_parser=<colcon_defaults.argument_parser.defaults.DefaultArgumentsDecorator object at 0x76f36475a2c0>, verb_extension=<colcon_core.verb.build.BuildVerb object at 0x76f364759cf0>, main=<bound method BuildVerb.main of <colcon_core.verb.build.BuildVerb object at 0x76f364759cf0>>)
[0.158s] Level 1:colcon.colcon_core.package_discovery:discover_packages(colcon_meta) check parameters
[0.158s] Level 1:colcon.colcon_core.package_discovery:discover_packages(recursive) check parameters
[0.158s] Level 1:colcon.colcon_core.package_discovery:discover_packages(ignore) check parameters
[0.158s] Level 1:colcon.colcon_core.package_discovery:discover_packages(path) check parameters
[0.158s] Level 1:colcon.colcon_core.package_discovery:discover_packages(colcon_meta) discover
[0.158s] Level 1:colcon.colcon_core.package_discovery:discover_packages(recursive) discover
[0.158s] INFO:colcon.colcon_core.package_discovery:Crawling recursively for packages in '/home/nahian/Desktop/tb_ws'
[0.158s] Level 1:colcon.colcon_core.package_identification:_identify(.) by extensions ['ignore', 'ignore_ament_install']
[0.158s] Level 1:colcon.colcon_core.package_identification:_identify(.) by extension 'ignore'
[0.158s] Level 1:colcon.colcon_core.package_identification:_identify(.) by extension 'ignore_ament_install'
[0.159s] Level 1:colcon.colcon_core.package_identification:_identify(.) by extensions ['colcon_pkg']
[0.159s] Level 1:colcon.colcon_core.package_identification:_identify(.) by extension 'colcon_pkg'
[0.159s] Level 1:colcon.colcon_core.package_identification:_identify(.) by extensions ['colcon_meta']
[0.159s] Level 1:colcon.colcon_core.package_identification:_identify(.) by extension 'colcon_meta'
[0.159s] Level 1:colcon.colcon_core.package_identification:_identify(.) by extensions ['ros']
[0.159s] Level 1:colcon.colcon_core.package_identification:_identify(.) by extension 'ros'
[0.165s] Level 1:colcon.colcon_core.package_identification:_identify(.) by extensions ['cmake', 'python']
[0.165s] Level 1:colcon.colcon_core.package_identification:_identify(.) by extension 'cmake'
[0.165s] Level 1:colcon.colcon_core.package_identification:_identify(.) by extension 'python'
[0.165s] Level 1:colcon.colcon_core.package_identification:_identify(.) by extensions ['python_setup_py']
[0.165s] Level 1:colcon.colcon_core.package_identification:_identify(.) by extension 'python_setup_py'
[0.165s] Level 1:colcon.colcon_core.package_identification:_identify(build) by extensions ['ignore', 'ignore_ament_install']
[0.165s] Level 1:colcon.colcon_core.package_identification:_identify(build) by extension 'ignore'
[0.165s] Level 1:colcon.colcon_core.package_identification:_identify(build) ignored
[0.165s] Level 1:colcon.colcon_core.package_identification:_identify(install) by extensions ['ignore', 'ignore_ament_install']
[0.165s] Level 1:colcon.colcon_core.package_identification:_identify(install) by extension 'ignore'
[0.165s] Level 1:colcon.colcon_core.package_identification:_identify(install) ignored
[0.165s] Level 1:colcon.colcon_core.package_identification:_identify(log) by extensions ['ignore', 'ignore_ament_install']
[0.165s] Level 1:colcon.colcon_core.package_identification:_identify(log) by extension 'ignore'
[0.165s] Level 1:colcon.colcon_core.package_identification:_identify(log) ignored
[0.165s] Level 1:colcon.colcon_core.package_identification:_identify(src) by extensions ['ignore', 'ignore_ament_install']
[0.165s] Level 1:colcon.colcon_core.package_identification:_identify(src) by extension 'ignore'
[0.165s] Level 1:colcon.colcon_core.package_identification:_identify(src) by extension 'ignore_ament_install'
[0.165s] Level 1:colcon.colcon_core.package_identification:_identify(src) by extensions ['colcon_pkg']
[0.165s] Level 1:colcon.colcon_core.package_identification:_identify(src) by extension 'colcon_pkg'
[0.165s] Level 1:colcon.colcon_core.package_identification:_identify(src) by extensions ['colcon_meta']
[0.165s] Level 1:colcon.colcon_core.package_identification:_identify(src) by extension 'colcon_meta'
[0.166s] Level 1:colcon.colcon_core.package_identification:_identify(src) by extensions ['ros']
[0.166s] Level 1:colcon.colcon_core.package_identification:_identify(src) by extension 'ros'
[0.166s] Level 1:colcon.colcon_core.package_identification:_identify(src) by extensions ['cmake', 'python']
[0.166s] Level 1:colcon.colcon_core.package_identification:_identify(src) by extension 'cmake'
[0.166s] Level 1:colcon.colcon_core.package_identification:_identify(src) by extension 'python'
[0.166s] Level 1:colcon.colcon_core.package_identification:_identify(src) by extensions ['python_setup_py']
[0.166s] Level 1:colcon.colcon_core.package_identification:_identify(src) by extension 'python_setup_py'
[0.166s] Level 1:colcon.colcon_core.package_identification:_identify(src/arm_gui) by extensions ['ignore', 'ignore_ament_install']
[0.166s] Level 1:colcon.colcon_core.package_identification:_identify(src/arm_gui) by extension 'ignore'
[0.166s] Level 1:colcon.colcon_core.package_identification:_identify(src/arm_gui) by extension 'ignore_ament_install'
[0.166s] Level 1:colcon.colcon_core.package_identification:_identify(src/arm_gui) by extensions ['colcon_pkg']
[0.166s] Level 1:colcon.colcon_core.package_identification:_identify(src/arm_gui) by extension 'colcon_pkg'
[0.166s] Level 1:colcon.colcon_core.package_identification:_identify(src/arm_gui) by extensions ['colcon_meta']
[0.166s] Level 1:colcon.colcon_core.package_identification:_identify(src/arm_gui) by extension 'colcon_meta'
[0.166s] Level 1:colcon.colcon_core.package_identification:_identify(src/arm_gui) by extensions ['ros']
[0.166s] Level 1:colcon.colcon_core.package_identification:_identify(src/arm_gui) by extension 'ros'
[0.168s] DEBUG:colcon.colcon_core.package_identification:Package 'src/arm_gui' with type 'ros.ament_python' and name 'arm_gui'
[0.168s] Level 1:colcon.colcon_core.package_identification:_identify(src/vo_co_bot) by extensions ['ignore', 'ignore_ament_install']
[0.168s] Level 1:colcon.colcon_core.package_identification:_identify(src/vo_co_bot) by extension 'ignore'
[0.168s] Level 1:colcon.colcon_core.package_identification:_identify(src/vo_co_bot) by extension 'ignore_ament_install'
[0.168s] Level 1:colcon.colcon_core.package_identification:_identify(src/vo_co_bot) by extensions ['colcon_pkg']
[0.168s] Level 1:colcon.colcon_core.package_identification:_identify(src/vo_co_bot) by extension 'colcon_pkg'
[0.168s] Level 1:colcon.colcon_core.package_identification:_identify(src/vo_co_bot) by extensions ['colcon_meta']
[0.168s] Level 1:colcon.colcon_core.package_identification:_identify(src/vo_co_bot) by extension 'colcon_meta'
[0.168s] Level 1:colcon.colcon_core.package_identification:_identify(src/vo_co_bot) by extensions ['ros']
[0.168s] Level 1:colcon.colcon_core.package_identification:_identify(src/vo_co_bot) by extension 'ros'
[0.168s] DEBUG:colcon.colcon_core.package_identification:Package 'src/vo_co_bot' with type 'ros.ament_python' and name 'vo_co_bot'
[0.168s] Level 1:colcon.colcon_core.package_discovery:discover_packages(recursive) using defaults
[0.168s] Level 1:colcon.colcon_core.package_discovery:discover_packages(ignore) discover
[0.168s] Level 1:colcon.colcon_core.package_discovery:discover_packages(ignore) using defaults
[0.168s] Level 1:colcon.colcon_core.package_discovery:discover_packages(path) discover
[0.168s] Level 1:colcon.colcon_core.package_discovery:discover_packages(path) using defaults
[0.184s] Level 1:colcon.colcon_core.package_discovery:discover_packages(prefix_path) check parameters
[0.184s] Level 1:colcon.colcon_core.package_discovery:discover_packages(prefix_path) discover
[0.185s] DEBUG:colcon.colcon_installed_package_information.package_discovery:Found 2 installed packages in /home/nahian/Desktop/tb_ws/install
[0.186s] DEBUG:colcon.colcon_installed_package_information.package_discovery:Found 436 installed packages in /opt/ros/humble
[0.188s] Level 1:colcon.colcon_core.package_discovery:discover_packages(prefix_path) using defaults
[0.217s] Level 5:colcon.colcon_core.verb:set package 'arm_gui' build argument 'cmake_args' from command line to 'None'
[0.217s] Level 5:colcon.colcon_core.verb:set package 'arm_gui' build argument 'cmake_target' from command line to 'None'
[0.217s] Level 5:colcon.colcon_core.verb:set package 'arm_gui' build argument 'cmake_target_skip_unavailable' from command line to 'False'
[0.217s] Level 5:colcon.colcon_core.verb:set package 'arm_gui' build argument 'cmake_clean_cache' from command line to 'False'
[0.217s] Level 5:colcon.colcon_core.verb:set package 'arm_gui' build argument 'cmake_clean_first' from command line to 'False'
[0.217s] Level 5:colcon.colcon_core.verb:set package 'arm_gui' build argument 'cmake_force_configure' from command line to 'False'
[0.217s] Level 5:colcon.colcon_core.verb:set package 'arm_gui' build argument 'ament_cmake_args' from command line to 'None'
[0.217s] Level 5:colcon.colcon_core.verb:set package 'arm_gui' build argument 'catkin_cmake_args' from command line to 'None'
[0.217s] Level 5:colcon.colcon_core.verb:set package 'arm_gui' build argument 'catkin_skip_building_tests' from command line to 'False'
[0.217s] DEBUG:colcon.colcon_core.verb:Building package 'arm_gui' with the following arguments: {'ament_cmake_args': None, 'build_base': '/home/nahian/Desktop/tb_ws/build/arm_gui', 'catkin_cmake_args': None, 'catkin_skip_building_tests': False, 'cmake_args': None, 'cmake_clean_cache': False, 'cmake_clean_first': False, 'cmake_force_configure': False, 'cmake_target': None, 'cmake_target_skip_unavailable': False, 'install_base': '/home/nahian/Desktop/tb_ws/install/arm_gui', 'merge_install': False, 'path': '/home/nahian/Desktop/tb_ws/src/arm_gui', 'symlink_install': False, 'test_result_base': None}
[0.217s] Level 5:colcon.colcon_core.verb:set package 'vo_co_bot' build argument 'cmake_args' from command line to 'None'
[0.217s] Level 5:colcon.colcon_core.verb:set package 'vo_co_bot' build argument 'cmake_target' from command line to 'None'
[0.217s] Level 5:colcon.colcon_core.verb:set package 'vo_co_bot' build argument 'cmake_target_skip_unavailable' from command line to 'False'
[0.217s] Level 5:colcon.colcon_core.verb:set package 'vo_co_bot' build argument 'cmake_clean_cache' from command line to 'False'
[0.217s] Level 5:colcon.colcon_core.verb:set package 'vo_co_bot' build argument 'cmake_clean_first' from command line to 'False'
[0.217s] Level 5:colcon.colcon_core.verb:set package 'vo_co_bot' build argument 'cmake_force_configure' from command line to 'False'
[0.217s] Level 5:colcon.colcon_core.verb:set package 'vo_co_bot' build argument 'ament_cmake_args' from command line to 'None'
[0.217s] Level 5:colcon.colcon_core.verb:set package 'vo_co_bot' build argument 'catkin_cmake_args' from command line to 'None'
[0.217s] Level 5:colcon.colcon_core.verb:set package 'vo_co_bot' build argument 'catkin_skip_building_tests' from command line to 'False'
[0.217s] DEBUG:colcon.colcon_core.verb:Building package 'vo_co_bot' with the following arguments: {'ament_cmake_args': None, 'build_base': '/home/nahian/Desktop/tb_ws/build/vo_co_bot', 'catkin_cmake_args': None, 'catkin_skip_building_tests': False, 'cmake_args': None, 'cmake_clean_cache': False, 'cmake_clean_first': False, 'cmake_force_configure': False, 'cmake_target': None, 'cmake_target_skip_unavailable': False, 'install_base': '/home/nahian/Desktop/tb_ws/install/vo_co_bot', 'merge_install': False, 'path': '/home/nahian/Desktop/tb_ws/src/vo_co_bot', 'symlink_install': False, 'test_result_base': None}
[0.217s] INFO:colcon.colcon_core.executor:Executing jobs using 'parallel' executor
[0.218s] DEBUG:colcon.colcon_parallel_executor.executor.parallel:run_until_complete
[0.218s] INFO:colcon.colcon_ros.task.ament_python.build:Building ROS package in '/home/nahian/Desktop/tb_ws/src/arm_gui' with build type 'ament_python'
[0.218s] Level 1:colcon.colcon_core.shell:create_environment_hook('arm_gui', 'ament_prefix_path')
[0.219s] INFO:colcon.colcon_core.plugin_system:Skipping extension 'colcon_core.shell.bat': Not used on non-Windows systems
[0.219s] INFO:colcon.colcon_core.shell:Creating environment hook '/home/nahian/Desktop/tb_ws/install/arm_gui/share/arm_gui/hook/ament_prefix_path.ps1'
[0.220s] INFO:colcon.colcon_core.shell:Creating environment descriptor '/home/nahian/Desktop/tb_ws/install/arm_gui/share/arm_gui/hook/ament_prefix_path.dsv'
[0.220s] INFO:colcon.colcon_core.shell:Creating environment hook '/home/nahian/Desktop/tb_ws/install/arm_gui/share/arm_gui/hook/ament_prefix_path.sh'
[0.220s] INFO:colcon.colcon_core.shell:Skip shell extension 'powershell' for command environment: Not usable outside of PowerShell
[0.220s] DEBUG:colcon.colcon_core.shell:Skip shell extension 'dsv' for command environment
[0.223s] INFO:colcon.colcon_ros.task.ament_python.build:Building ROS package in '/home/nahian/Desktop/tb_ws/src/vo_co_bot' with build type 'ament_python'
[0.223s] Level 1:colcon.colcon_core.shell:create_environment_hook('vo_co_bot', 'ament_prefix_path')
[0.223s] INFO:colcon.colcon_core.shell:Creating environment hook '/home/nahian/Desktop/tb_ws/install/vo_co_bot/share/vo_co_bot/hook/ament_prefix_path.ps1'
[0.223s] INFO:colcon.colcon_core.shell:Creating environment descriptor '/home/nahian/Desktop/tb_ws/install/vo_co_bot/share/vo_co_bot/hook/ament_prefix_path.dsv'
[0.223s] INFO:colcon.colcon_core.shell:Creating environment hook '/home/nahian/Desktop/tb_ws/install/vo_co_bot/share/vo_co_bot/hook/ament_prefix_path.sh'
[0.224s] INFO:colcon.colcon_core.shell:Skip shell extension 'powershell' for command environment: Not usable outside of PowerShell
[0.224s] DEBUG:colcon.colcon_core.shell:Skip shell extension 'dsv' for command environment
[0.377s] INFO:colcon.colcon_core.task.python.build:Building Python package in '/home/nahian/Desktop/tb_ws/src/arm_gui'
[0.378s] INFO:colcon.colcon_core.shell:Skip shell extension 'powershell' for command environment: Not usable outside of PowerShell
[0.378s] DEBUG:colcon.colcon_core.shell:Skip shell extension 'dsv' for command environment
[0.530s] INFO:colcon.colcon_core.task.python.build:Building Python package in '/home/nahian/Desktop/tb_ws/src/vo_co_bot'
[0.530s] INFO:colcon.colcon_core.shell:Skip shell extension 'powershell' for command environment: Not usable outside of PowerShell
[0.530s] DEBUG:colcon.colcon_core.shell:Skip shell extension 'dsv' for command environment
[0.737s] DEBUG:colcon.colcon_core.event_handler.log_command:Invoking command in '/home/nahian/Desktop/tb_ws/src/arm_gui': PYTHONPATH=/home/nahian/Desktop/tb_ws/build/arm_gui/prefix_override:/usr/lib/python3/dist-packages/colcon_core/task/python/colcon_distutils_commands:/home/nahian/Desktop/tb_ws/install/arm_gui/lib/python3.10/site-packages:${PYTHONPATH} /usr/bin/python3 -W ignore:setup.py install is deprecated -W ignore:easy_install command is deprecated setup.py egg_info --egg-base ../../build/arm_gui build --build-base /home/nahian/Desktop/tb_ws/build/arm_gui/build install --record /home/nahian/Desktop/tb_ws/build/arm_gui/install.log --single-version-externally-managed install_data
[0.739s] DEBUG:colcon.colcon_core.event_handler.log_command:Invoking command in '/home/nahian/Desktop/tb_ws/src/vo_co_bot': PYTHONPATH=/home/nahian/Desktop/tb_ws/build/vo_co_bot/prefix_override:/usr/lib/python3/dist-packages/colcon_core/task/python/colcon_distutils_commands:/home/nahian/Desktop/tb_ws/install/vo_co_bot/lib/python3.10/site-packages:${PYTHONPATH} /usr/bin/python3 -W ignore:setup.py install is deprecated -W ignore:easy_install command is deprecated setup.py egg_info --egg-base ../../build/vo_co_bot build --build-base /home/nahian/Desktop/tb_ws/build/vo_co_bot/build install --record /home/nahian/Desktop/tb_ws/build/vo_co_bot/install.log --single-version-externally-managed install_data
[0.881s] DEBUG:colcon.colcon_core.event_handler.log_command:Invoked command in '/home/nahian/Desktop/tb_ws/src/arm_gui' returned '0': PYTHONPATH=/home/nahian/Desktop/tb_ws/build/arm_gui/prefix_override:/usr/lib/python3/dist-packages/colcon_core/task/python/colcon_distutils_commands:/home/nahian/Desktop/tb_ws/install/arm_gui/lib/python3.10/site-packages:${PYTHONPATH} /usr/bin/python3 -W ignore:setup.py install is deprecated -W ignore:easy_install command is deprecated setup.py egg_info --egg-base ../../build/arm_gui build --build-base /home/nahian/Desktop/tb_ws/build/arm_gui/build install --record /home/nahian/Desktop/tb_ws/build/arm_gui/install.log --single-version-externally-managed install_data
[0.882s] Level 1:colcon.colcon_core.environment:checking '/home/nahian/Desktop/tb_ws/install/arm_gui' for CMake module files
[0.882s] Level 1:colcon.colcon_core.environment:checking '/home/nahian/Desktop/tb_ws/install/arm_gui' for CMake config files
[0.883s] Level 1:colcon.colcon_core.environment:checking '/home/nahian/Desktop/tb_ws/install/arm_gui/lib'
[0.883s] Level 1:colcon.colcon_core.environment:checking '/home/nahian/Desktop/tb_ws/install/arm_gui/bin'
[0.883s] Level 1:colcon.colcon_core.environment:checking '/home/nahian/Desktop/tb_ws/install/arm_gui/lib/pkgconfig/arm_gui.pc'
[0.883s] Level 1:colcon.colcon_core.environment:checking '/home/nahian/Desktop/tb_ws/install/arm_gui/lib/python3.10/site-packages'
[0.883s] Level 1:colcon.colcon_core.shell:create_environment_hook('arm_gui', 'pythonpath')
[0.883s] INFO:colcon.colcon_core.shell:Creating environment hook '/home/nahian/Desktop/tb_ws/install/arm_gui/share/arm_gui/hook/pythonpath.ps1'
[0.883s] INFO:colcon.colcon_core.shell:Creating environment descriptor '/home/nahian/Desktop/tb_ws/install/arm_gui/share/arm_gui/hook/pythonpath.dsv'
[0.884s] INFO:colcon.colcon_core.shell:Creating environment hook '/home/nahian/Desktop/tb_ws/install/arm_gui/share/arm_gui/hook/pythonpath.sh'
[0.884s] Level 1:colcon.colcon_core.environment:checking '/home/nahian/Desktop/tb_ws/install/arm_gui/bin'
[0.884s] Level 1:colcon.colcon_core.environment:create_environment_scripts_only(arm_gui)
[0.884s] INFO:colcon.colcon_core.shell:Creating package script '/home/nahian/Desktop/tb_ws/install/arm_gui/share/arm_gui/package.ps1'
[0.884s] INFO:colcon.colcon_core.shell:Creating package descriptor '/home/nahian/Desktop/tb_ws/install/arm_gui/share/arm_gui/package.dsv'
[0.885s] INFO:colcon.colcon_core.shell:Creating package script '/home/nahian/Desktop/tb_ws/install/arm_gui/share/arm_gui/package.sh'
[0.885s] INFO:colcon.colcon_core.shell:Creating package script '/home/nahian/Desktop/tb_ws/install/arm_gui/share/arm_gui/package.bash'
[0.885s] INFO:colcon.colcon_core.shell:Creating package script '/home/nahian/Desktop/tb_ws/install/arm_gui/share/arm_gui/package.zsh'
[0.886s] Level 1:colcon.colcon_core.environment:create_file_with_runtime_dependencies(/home/nahian/Desktop/tb_ws/install/arm_gui/share/colcon-core/packages/arm_gui)
[0.886s] Level 1:colcon.colcon_core.environment:checking '/home/nahian/Desktop/tb_ws/install/vo_co_bot' for CMake module files
[0.887s] DEBUG:colcon.colcon_core.event_handler.log_command:Invoked command in '/home/nahian/Desktop/tb_ws/src/vo_co_bot' returned '0': PYTHONPATH=/home/nahian/Desktop/tb_ws/build/vo_co_bot/prefix_override:/usr/lib/python3/dist-packages/colcon_core/task/python/colcon_distutils_commands:/home/nahian/Desktop/tb_ws/install/vo_co_bot/lib/python3.10/site-packages:${PYTHONPATH} /usr/bin/python3 -W ignore:setup.py install is deprecated -W ignore:easy_install command is deprecated setup.py egg_info --egg-base ../../build/vo_co_bot build --build-base /home/nahian/Desktop/tb_ws/build/vo_co_bot/build install --record /home/nahian/Desktop/tb_ws/build/vo_co_bot/install.log --single-version-externally-managed install_data
[0.887s] Level 1:colcon.colcon_core.environment:checking '/home/nahian/Desktop/tb_ws/install/vo_co_bot' for CMake config files
[0.887s] Level 1:colcon.colcon_core.environment:checking '/home/nahian/Desktop/tb_ws/install/vo_co_bot/lib'
[0.887s] Level 1:colcon.colcon_core.environment:checking '/home/nahian/Desktop/tb_ws/install/vo_co_bot/bin'
[0.887s] Level 1:colcon.colcon_core.environment:checking '/home/nahian/Desktop/tb_ws/install/vo_co_bot/lib/pkgconfig/vo_co_bot.pc'
[0.887s] Level 1:colcon.colcon_core.environment:checking '/home/nahian/Desktop/tb_ws/install/vo_co_bot/lib/python3.10/site-packages'
[0.887s] Level 1:colcon.colcon_core.shell:create_environment_hook('vo_co_bot', 'pythonpath')
[0.887s] INFO:colcon.colcon_core.shell:Creating environment hook '/home/nahian/Desktop/tb_ws/install/vo_co_bot/share/vo_co_bot/hook/pythonpath.ps1'
[0.888s] INFO:colcon.colcon_core.shell:Creating environment descriptor '/home/nahian/Desktop/tb_ws/install/vo_co_bot/share/vo_co_bot/hook/pythonpath.dsv'
[0.888s] INFO:colcon.colcon_core.shell:Creating environment hook '/home/nahian/Desktop/tb_ws/install/vo_co_bot/share/vo_co_bot/hook/pythonpath.sh'
[0.888s] Level 1:colcon.colcon_core.environment:checking '/home/nahian/Desktop/tb_ws/install/vo_co_bot/bin'
[0.888s] Level 1:colcon.colcon_core.environment:create_environment_scripts_only(vo_co_bot)
[0.888s] INFO:colcon.colcon_core.shell:Creating package script '/home/nahian/Desktop/tb_ws/install/vo_co_bot/share/vo_co_bot/package.ps1'
[0.888s] INFO:colcon.colcon_core.shell:Creating package descriptor '/home/nahian/Desktop/tb_ws/install/vo_co_bot/share/vo_co_bot/package.dsv'
[0.889s] INFO:colcon.colcon_core.shell:Creating package script '/home/nahian/Desktop/tb_ws/install/vo_co_bot/share/vo_co_bot/package.sh'
[0.889s] INFO:colcon.colcon_core.shell:Creating package script '/home/nahian/Desktop/tb_ws/install/vo_co_bot/share/vo_co_bot/package.bash'
[0.889s] INFO:colcon.colcon_core.shell:Creating package script '/home/nahian/Desktop/tb_ws/install/vo_co_bot/share/vo_co_bot/package.zsh'
[0.889s] Level 1:colcon.colcon_core.environment:create_file_with_runtime_dependencies(/home/nahian/Desktop/tb_ws/install/vo_co_bot/share/colcon-core/packages/vo_co_bot)
[0.889s] DEBUG:colcon.colcon_parallel_executor.executor.parallel:closing loop
[0.889s] DEBUG:colcon.colcon_parallel_executor.executor.parallel:loop closed
[0.889s] DEBUG:colcon.colcon_parallel_executor.executor.parallel:run_until_complete finished with '0'
[0.889s] DEBUG:colcon.colcon_core.event_reactor:joining thread
[0.892s] INFO:colcon.colcon_core.plugin_system:Skipping extension 'colcon_notification.desktop_notification.terminal_notifier': Not used on non-Darwin systems
[0.892s] INFO:colcon.colcon_core.plugin_system:Skipping extension 'colcon_notification.desktop_notification.win32': Not used on non-Windows systems
[0.892s] INFO:colcon.colcon_notification.desktop_notification:Sending desktop notification using 'notify2'
[0.897s] DEBUG:colcon.colcon_core.event_reactor:joined thread
[0.897s] INFO:colcon.colcon_core.shell:Creating prefix script '/home/nahian/Desktop/tb_ws/install/local_setup.ps1'
[0.898s] INFO:colcon.colcon_core.shell:Creating prefix util module '/home/nahian/Desktop/tb_ws/install/_local_setup_util_ps1.py'
[0.898s] INFO:colcon.colcon_core.shell:Creating prefix chain script '/home/nahian/Desktop/tb_ws/install/setup.ps1'
[0.899s] INFO:colcon.colcon_core.shell:Creating prefix script '/home/nahian/Desktop/tb_ws/install/local_setup.sh'
[0.899s] INFO:colcon.colcon_core.shell:Creating prefix util module '/home/nahian/Desktop/tb_ws/install/_local_setup_util_sh.py'
[0.900s] INFO:colcon.colcon_core.shell:Creating prefix chain script '/home/nahian/Desktop/tb_ws/install/setup.sh'
[0.900s] INFO:colcon.colcon_core.shell:Creating prefix script '/home/nahian/Desktop/tb_ws/install/local_setup.bash'
[0.900s] INFO:colcon.colcon_core.shell:Creating prefix chain script '/home/nahian/Desktop/tb_ws/install/setup.bash'
[0.901s] INFO:colcon.colcon_core.shell:Creating prefix script '/home/nahian/Desktop/tb_ws/install/local_setup.zsh'
[0.901s] INFO:colcon.colcon_core.shell:Creating prefix chain script '/home/nahian/Desktop/tb_ws/install/setup.zsh'
